2022-10-29 15:44:30,374:INFO:PyCaret Supervised Module
2022-10-29 15:44:30,375:INFO:ML Usecase: classification
2022-10-29 15:44:30,375:INFO:version 2.3.10
2022-10-29 15:44:30,375:INFO:Initializing setup()
2022-10-29 15:44:30,375:INFO:setup(target=Converted, ml_usecase=classification, available_plots={'parameter': 'Hyperparameters', 'auc': 'AUC', 'confusion_matrix': 'Confusion Matrix', 'threshold': 'Threshold', 'pr': 'Precision Recall', 'error': 'Prediction Error', 'class_report': 'Class Report', 'rfe': 'Feature Selection', 'learning': 'Learning Curve', 'manifold': 'Manifold Learning', 'calibration': 'Calibration Curve', 'vc': 'Validation Curve', 'dimension': 'Dimensions', 'feature': 'Feature Importance', 'feature_all': 'Feature Importance (All)', 'boundary': 'Decision Boundary', 'lift': 'Lift Chart', 'gain': 'Gain Chart', 'tree': 'Decision Tree', 'ks': 'KS Statistic Plot'}, train_size=0.7, test_data=None, preprocess=True, imputation_type=simple, iterative_imputation_iters=5, categorical_features=None, categorical_imputation=constant, categorical_iterative_imputer=lightgbm, ordinal_features=None, high_cardinality_features=None, high_cardinality_method=frequency, numeric_features=None, numeric_imputation=mean, numeric_iterative_imputer=lightgbm, date_features=None, ignore_features=['Prospect ID', 'Lead Number'], normalize=False, normalize_method=zscore, transformation=False, transformation_method=yeo-johnson, handle_unknown_categorical=True, unknown_categorical_method=least_frequent, pca=False, pca_method=linear, pca_components=None, ignore_low_variance=False, combine_rare_levels=False, rare_level_threshold=0.1, bin_numeric_features=None, remove_outliers=False, outliers_threshold=0.05, remove_multicollinearity=False, multicollinearity_threshold=0.9, remove_perfect_collinearity=True, create_clusters=False, cluster_iter=20, polynomial_features=False, polynomial_degree=2, trigonometry_features=False, polynomial_threshold=0.1, group_features=None, group_names=None, feature_selection=False, feature_selection_threshold=0.8, feature_selection_method=classic, feature_interaction=False, feature_ratio=False, interaction_threshold=0.01, fix_imbalance=False, fix_imbalance_method=None, transform_target=False, transform_target_method=box-cox, data_split_shuffle=True, data_split_stratify=False, fold_strategy=stratifiedkfold, fold=10, fold_shuffle=False, fold_groups=None, n_jobs=-1, use_gpu=False, custom_pipeline=None, html=True, session_id=None, log_experiment=False, experiment_name=None, experiment_custom_tags=None, log_plots=False, log_profile=False, log_data=False, silent=False, verbose=True, profile=False, profile_kwargs=None, display=None)
2022-10-29 15:44:30,375:INFO:Checking environment
2022-10-29 15:44:30,375:INFO:python_version: 3.8.13
2022-10-29 15:44:30,375:INFO:python_build: ('default', 'Mar 25 2022 06:05:16')
2022-10-29 15:44:30,375:INFO:machine: arm64
2022-10-29 15:44:30,375:INFO:platform: macOS-12.5.1-arm64-arm-64bit
2022-10-29 15:44:30,375:INFO:Memory: svmem(total=68719476736, available=51187679232, percent=25.5, used=16836919296, free=36543463424, active=14614282240, inactive=11429707776, wired=2222637056)
2022-10-29 15:44:30,375:INFO:Physical Core: 10
2022-10-29 15:44:30,375:INFO:Logical Core: 10
2022-10-29 15:44:30,375:INFO:Checking libraries
2022-10-29 15:44:30,375:INFO:pd==1.4.3
2022-10-29 15:44:30,375:INFO:numpy==1.22.1
2022-10-29 15:44:30,375:INFO:sklearn==1.1.2
2022-10-29 15:50:14,935:INFO:PyCaret Supervised Module
2022-10-29 15:50:14,935:INFO:ML Usecase: classification
2022-10-29 15:50:14,935:INFO:version 2.3.10
2022-10-29 15:50:14,935:INFO:Initializing setup()
2022-10-29 15:50:14,935:INFO:setup(target=Converted, ml_usecase=classification, available_plots={'parameter': 'Hyperparameters', 'auc': 'AUC', 'confusion_matrix': 'Confusion Matrix', 'threshold': 'Threshold', 'pr': 'Precision Recall', 'error': 'Prediction Error', 'class_report': 'Class Report', 'rfe': 'Feature Selection', 'learning': 'Learning Curve', 'manifold': 'Manifold Learning', 'calibration': 'Calibration Curve', 'vc': 'Validation Curve', 'dimension': 'Dimensions', 'feature': 'Feature Importance', 'feature_all': 'Feature Importance (All)', 'boundary': 'Decision Boundary', 'lift': 'Lift Chart', 'gain': 'Gain Chart', 'tree': 'Decision Tree', 'ks': 'KS Statistic Plot'}, train_size=0.7, test_data=None, preprocess=True, imputation_type=simple, iterative_imputation_iters=5, categorical_features=None, categorical_imputation=constant, categorical_iterative_imputer=lightgbm, ordinal_features=None, high_cardinality_features=None, high_cardinality_method=frequency, numeric_features=None, numeric_imputation=mean, numeric_iterative_imputer=lightgbm, date_features=None, ignore_features=['Prospect ID', 'Lead Number'], normalize=False, normalize_method=zscore, transformation=False, transformation_method=yeo-johnson, handle_unknown_categorical=True, unknown_categorical_method=least_frequent, pca=False, pca_method=linear, pca_components=None, ignore_low_variance=False, combine_rare_levels=False, rare_level_threshold=0.1, bin_numeric_features=None, remove_outliers=False, outliers_threshold=0.05, remove_multicollinearity=False, multicollinearity_threshold=0.9, remove_perfect_collinearity=True, create_clusters=False, cluster_iter=20, polynomial_features=False, polynomial_degree=2, trigonometry_features=False, polynomial_threshold=0.1, group_features=None, group_names=None, feature_selection=False, feature_selection_threshold=0.8, feature_selection_method=classic, feature_interaction=False, feature_ratio=False, interaction_threshold=0.01, fix_imbalance=False, fix_imbalance_method=None, transform_target=False, transform_target_method=box-cox, data_split_shuffle=True, data_split_stratify=False, fold_strategy=stratifiedkfold, fold=10, fold_shuffle=False, fold_groups=None, n_jobs=-1, use_gpu=False, custom_pipeline=None, html=True, session_id=None, log_experiment=False, experiment_name=None, experiment_custom_tags=None, log_plots=False, log_profile=False, log_data=False, silent=False, verbose=True, profile=False, profile_kwargs=None, display=None)
2022-10-29 15:50:14,935:INFO:Checking environment
2022-10-29 15:50:14,935:INFO:python_version: 3.8.13
2022-10-29 15:50:14,935:INFO:python_build: ('default', 'Mar 25 2022 06:05:16')
2022-10-29 15:50:14,935:INFO:machine: arm64
2022-10-29 15:50:14,935:INFO:platform: macOS-12.5.1-arm64-arm-64bit
2022-10-29 15:50:14,935:INFO:Memory: svmem(total=68719476736, available=50895503360, percent=25.9, used=17131569152, free=35957702656, active=14967685120, inactive=11695259648, wired=2163884032)
2022-10-29 15:50:14,935:INFO:Physical Core: 10
2022-10-29 15:50:14,935:INFO:Logical Core: 10
2022-10-29 15:50:14,935:INFO:Checking libraries
2022-10-29 15:50:14,935:INFO:pd==1.4.3
2022-10-29 15:50:14,935:INFO:numpy==1.22.1
2022-10-29 15:50:14,935:INFO:sklearn==1.1.3
2022-10-29 15:50:48,316:INFO:PyCaret Supervised Module
2022-10-29 15:50:48,316:INFO:ML Usecase: classification
2022-10-29 15:50:48,316:INFO:version 2.3.10
2022-10-29 15:50:48,316:INFO:Initializing setup()
2022-10-29 15:50:48,316:INFO:setup(target=Converted, ml_usecase=classification, available_plots={'parameter': 'Hyperparameters', 'auc': 'AUC', 'confusion_matrix': 'Confusion Matrix', 'threshold': 'Threshold', 'pr': 'Precision Recall', 'error': 'Prediction Error', 'class_report': 'Class Report', 'rfe': 'Feature Selection', 'learning': 'Learning Curve', 'manifold': 'Manifold Learning', 'calibration': 'Calibration Curve', 'vc': 'Validation Curve', 'dimension': 'Dimensions', 'feature': 'Feature Importance', 'feature_all': 'Feature Importance (All)', 'boundary': 'Decision Boundary', 'lift': 'Lift Chart', 'gain': 'Gain Chart', 'tree': 'Decision Tree', 'ks': 'KS Statistic Plot'}, train_size=0.7, test_data=None, preprocess=True, imputation_type=simple, iterative_imputation_iters=5, categorical_features=None, categorical_imputation=constant, categorical_iterative_imputer=lightgbm, ordinal_features=None, high_cardinality_features=None, high_cardinality_method=frequency, numeric_features=None, numeric_imputation=mean, numeric_iterative_imputer=lightgbm, date_features=None, ignore_features=['Prospect ID', 'Lead Number'], normalize=False, normalize_method=zscore, transformation=False, transformation_method=yeo-johnson, handle_unknown_categorical=True, unknown_categorical_method=least_frequent, pca=False, pca_method=linear, pca_components=None, ignore_low_variance=False, combine_rare_levels=False, rare_level_threshold=0.1, bin_numeric_features=None, remove_outliers=False, outliers_threshold=0.05, remove_multicollinearity=False, multicollinearity_threshold=0.9, remove_perfect_collinearity=True, create_clusters=False, cluster_iter=20, polynomial_features=False, polynomial_degree=2, trigonometry_features=False, polynomial_threshold=0.1, group_features=None, group_names=None, feature_selection=False, feature_selection_threshold=0.8, feature_selection_method=classic, feature_interaction=False, feature_ratio=False, interaction_threshold=0.01, fix_imbalance=False, fix_imbalance_method=None, transform_target=False, transform_target_method=box-cox, data_split_shuffle=True, data_split_stratify=False, fold_strategy=stratifiedkfold, fold=10, fold_shuffle=False, fold_groups=None, n_jobs=-1, use_gpu=False, custom_pipeline=None, html=True, session_id=None, log_experiment=False, experiment_name=None, experiment_custom_tags=None, log_plots=False, log_profile=False, log_data=False, silent=False, verbose=True, profile=False, profile_kwargs=None, display=None)
2022-10-29 15:50:48,316:INFO:Checking environment
2022-10-29 15:50:48,316:INFO:python_version: 3.8.13
2022-10-29 15:50:48,316:INFO:python_build: ('default', 'Mar 25 2022 06:05:16')
2022-10-29 15:50:48,316:INFO:machine: arm64
2022-10-29 15:50:48,316:INFO:platform: macOS-12.5.1-arm64-arm-64bit
2022-10-29 15:50:48,316:INFO:Memory: svmem(total=68719476736, available=51043581952, percent=25.7, used=16981098496, free=36235624448, active=14706802688, inactive=11578589184, wired=2274295808)
2022-10-29 15:50:48,316:INFO:Physical Core: 10
2022-10-29 15:50:48,317:INFO:Logical Core: 10
2022-10-29 15:50:48,317:INFO:Checking libraries
2022-10-29 15:50:48,317:INFO:pd==1.4.3
2022-10-29 15:50:48,317:INFO:numpy==1.22.1
2022-10-29 15:50:48,317:INFO:sklearn==1.1.3
